Using pre-set license
Built from '2020.3/staging' branch; Version is '2020.3.26f1 (7298b473bc1a) revision 7510196'; Using compiler version '192528614'; Build Type 'Release'
OS: 'Windows 10  (10.0.19043) 64bit Core' Language: 'zh' Physical Memory: 16244 MB
BatchMode: 1, IsHumanControllingUs: 0, StartBugReporterOnCrash: 0, Is64bit: 1, IsPro: 0

COMMAND LINE ARGUMENTS:
C:\Program Files\Unity\Hub\Editor\2020.3.26f1\Editor\Unity.exe
-adb2
-batchMode
-noUpm
-name
AssetImportWorker0
-projectPath
D:/Mission Demolition/MissionDemolition/MissionDemolition-Unity
-logFile
Logs/AssetImportWorker0.log
-srvPort
63749
Successfully changed project path to: D:/Mission Demolition/MissionDemolition/MissionDemolition-Unity
D:/Mission Demolition/MissionDemolition/MissionDemolition-Unity
Using Asset Import Pipeline V2.
Refreshing native plugins compatible for Editor in 31.16 ms, found 2 plugins.
Preloading 0 native plugins for Editor in 0.00 ms.
Initialize engine version: 2020.3.26f1 (7298b473bc1a)
[Subsystems] Discovering subsystems at path C:/Program Files/Unity/Hub/Editor/2020.3.26f1/Editor/Data/Resources/UnitySubsystems
[Subsystems] Discovering subsystems at path D:/Mission Demolition/MissionDemolition/MissionDemolition-Unity/Assets
GfxDevice: creating device client; threaded=0
Direct3D:
    Version:  Direct3D 11.0 [level 11.1]
    Renderer: NVIDIA GeForce GTX 1060 (ID=0x1c20)
    Vendor:   
    VRAM:     6052 MB
    Driver:   30.0.14.7135
Initialize mono
Mono path[0] = 'C:/Program Files/Unity/Hub/Editor/2020.3.26f1/Editor/Data/Managed'
Mono path[1] = 'C:/Program Files/Unity/Hub/Editor/2020.3.26f1/Editor/Data/MonoBleedingEdge/lib/mono/unityjit'
Mono config path = 'C:/Program Files/Unity/Hub/Editor/2020.3.26f1/Editor/Data/MonoBleedingEdge/etc'
Using monoOptions --debugger-agent=transport=dt_socket,embedding=1,server=y,suspend=n,address=127.0.0.1:56400
Begin MonoManager ReloadAssembly
Registering precompiled unity dll's ...
Register platform support module: C:/Program Files/Unity/Hub/Editor/2020.3.26f1/Editor/Data/PlaybackEngines/WebGLSupport/UnityEditor.WebGL.Extensions.dll
Register platform support module: C:/Program Files/Unity/Hub/Editor/2020.3.26f1/Editor/Data/PlaybackEngines/WindowsStandaloneSupport/UnityEditor.WindowsStandalone.Extensions.dll
Registered in 0.002757 seconds.
Native extension for WindowsStandalone target not found
Native extension for WebGL target not found
Refreshing native plugins compatible for Editor in 28.88 ms, found 2 plugins.
Preloading 0 native plugins for Editor in 0.00 ms.
Mono: successfully reloaded assembly
- Completed reload, in  0.579 seconds
Domain Reload Profiling:
	ReloadAssembly (579ms)
		BeginReloadAssembly (57ms)
			ExecutionOrderSort (0ms)
			DisableScriptedObjects (0ms)
			BackupInstance (0ms)
			ReleaseScriptingObjects (0ms)
			CreateAndSetChildDomain (1ms)
		EndReloadAssembly (444ms)
			LoadAssemblies (55ms)
			RebuildTransferFunctionScriptingTraits (0ms)
			SetupTypeCache (155ms)
			ReleaseScriptCaches (0ms)
			RebuildScriptCaches (31ms)
			SetupLoadedEditorAssemblies (154ms)
				LogAssemblyErrors (0ms)
				InitializePlatformSupportModulesInManaged (5ms)
				SetLoadedEditorAssemblies (0ms)
				RefreshPlugins (29ms)
				BeforeProcessingInitializeOnLoad (10ms)
				ProcessInitializeOnLoadAttributes (82ms)
				ProcessInitializeOnLoadMethodAttributes (28ms)
				AfterProcessingInitializeOnLoad (0ms)
				EditorAssembliesLoaded (0ms)
			ExecutionOrderSort2 (0ms)
			AwakeInstancesAfterBackupRestoration (0ms)
Platform modules already initialized, skipping
Registering precompiled user dll's ...
Registered in 0.003155 seconds.
Begin MonoManager ReloadAssembly
Native extension for WindowsStandalone target not found
Native extension for WebGL target not found
Refreshing native plugins compatible for Editor in 0.32 ms, found 2 plugins.
Preloading 0 native plugins for Editor in 0.00 ms.
Mono: successfully reloaded assembly
- Completed reload, in  0.972 seconds
Domain Reload Profiling:
	ReloadAssembly (973ms)
		BeginReloadAssembly (141ms)
			ExecutionOrderSort (0ms)
			DisableScriptedObjects (4ms)
			BackupInstance (0ms)
			ReleaseScriptingObjects (0ms)
			CreateAndSetChildDomain (18ms)
		EndReloadAssembly (769ms)
			LoadAssemblies (82ms)
			RebuildTransferFunctionScriptingTraits (0ms)
			SetupTypeCache (278ms)
			ReleaseScriptCaches (0ms)
			RebuildScriptCaches (39ms)
			SetupLoadedEditorAssemblies (284ms)
				LogAssemblyErrors (0ms)
				InitializePlatformSupportModulesInManaged (5ms)
				SetLoadedEditorAssemblies (0ms)
				RefreshPlugins (0ms)
				BeforeProcessingInitializeOnLoad (55ms)
				ProcessInitializeOnLoadAttributes (206ms)
				ProcessInitializeOnLoadMethodAttributes (8ms)
				AfterProcessingInitializeOnLoad (8ms)
				EditorAssembliesLoaded (0ms)
			ExecutionOrderSort2 (0ms)
			AwakeInstancesAfterBackupRestoration (6ms)
Platform modules already initialized, skipping
========================================================================
Worker process is ready to serve import requests
Launched and connected shader compiler UnityShaderCompiler.exe after 0.07 seconds
Refreshing native plugins compatible for Editor in 0.30 ms, found 2 plugins.
Preloading 0 native plugins for Editor in 0.00 ms.
Unloading 1506 Unused Serialized files (Serialized files now loaded: 0)
System memory in use before: 70.0 MB.
System memory in use after: 70.1 MB.

Unloading 19 unused Assets to reduce memory usage. Loaded Objects now: 1938.
Total: 2.456100 ms (FindLiveObjects: 0.139100 ms CreateObjectMapping: 0.049700 ms MarkObjects: 2.209900 ms  DeleteObjects: 0.056600 ms)

AssetImportParameters requested are different than current active one (requested -> active):
  custom:framework-win-MediaFoundation: 216162199b28c13a410421893ffa2e32 -> 
  custom:video-decoder-ogg-theora: a1e56fd34408186e4bbccfd4996cb3dc -> 
  custom:container-muxer-webm: aa71ff27fc2769a1b78a27578f13a17b -> 
  custom:container-demuxer-webm: 4f35f7cbe854078d1ac9338744f61a02 -> 
  custom:container-demuxer-ogg: 62fdf1f143b41e24485cea50d1cbac27 -> 
  custom:video-encoder-webm-vp8: eb34c28f22e8b96e1ab97ce403110664 -> 
  custom:video-decoder-webm-vp8: 9c59270c3fd7afecdb556c50c9e8de78 -> 
  custom:audio-decoder-ogg-vorbis: bf7c407c2cedff20999df2af8eb42d56 -> 
  custom:audio-encoder-webm-vorbis: bf7c407c2cedff20999df2af8eb42d56 -> 
========================================================================
Received Import Request.
  path: Assets/Prefab/Projectile.prefab
  artifactKey: Guid(43193aff67b08774db97973fbb79103d) Importer(815301076,1909f56bfc062723c751e8b465ee728b)
Start importing Assets/Prefab/Projectile.prefab using Guid(43193aff67b08774db97973fbb79103d) Importer(815301076,1909f56bfc062723c751e8b465ee728b)  -> (artifact id: '4f961891dedda4809d3a414b79d9a914') in 0.109353 seconds 
  Import took 0.111477 seconds .

========================================================================
Received Import Request.
  Time since last request: 8279.408981 seconds.
  path: Assets/Scripts/Slingshot.cs
  artifactKey: Guid(49ef3d3680bd9814cb9cb2e4bef57a38) Importer(815301076,1909f56bfc062723c751e8b465ee728b)
Start importing Assets/Scripts/Slingshot.cs using Guid(49ef3d3680bd9814cb9cb2e4bef57a38) Importer(815301076,1909f56bfc062723c751e8b465ee728b)  -> (artifact id: '4d89a09eca7f3ae7fbba35ec7dfd3153') in 0.120401 seconds 
  Import took 0.240639 seconds .

========================================================================
Received Import Request.
  Time since last request: 2236.451047 seconds.
  path: Assets/Scripts/FollowCam.cs
  artifactKey: Guid(b857e00598c88fd46aa755b0755555c9) Importer(815301076,1909f56bfc062723c751e8b465ee728b)
Start importing Assets/Scripts/FollowCam.cs using Guid(b857e00598c88fd46aa755b0755555c9) Importer(815301076,1909f56bfc062723c751e8b465ee728b)  -> (artifact id: '518e1130cd171a12673ba1a792a1a242') in 0.013267 seconds 
  Import took 0.058482 seconds .

========================================================================
Received Import Request.
  Time since last request: 1246.301192 seconds.
  path: Assets/Scripts/Slingshot.cs
  artifactKey: Guid(49ef3d3680bd9814cb9cb2e4bef57a38) Importer(815301076,1909f56bfc062723c751e8b465ee728b)
Start importing Assets/Scripts/Slingshot.cs using Guid(49ef3d3680bd9814cb9cb2e4bef57a38) Importer(815301076,1909f56bfc062723c751e8b465ee728b)  -> (artifact id: 'df73e13c87556c617ebaca0d5b03c8d3') in 0.046227 seconds 
  Import took 0.135579 seconds .

========================================================================
Received Prepare
Registering precompiled user dll's ...
Registered in 0.051842 seconds.
Begin MonoManager ReloadAssembly
Native extension for WindowsStandalone target not found
Native extension for WebGL target not found
Refreshing native plugins compatible for Editor in 0.33 ms, found 2 plugins.
Preloading 0 native plugins for Editor in 0.00 ms.
Mono: successfully reloaded assembly
- Completed reload, in  1.379 seconds
Domain Reload Profiling:
	ReloadAssembly (1382ms)
		BeginReloadAssembly (261ms)
			ExecutionOrderSort (0ms)
			DisableScriptedObjects (17ms)
			BackupInstance (0ms)
			ReleaseScriptingObjects (0ms)
			CreateAndSetChildDomain (96ms)
		EndReloadAssembly (1023ms)
			LoadAssemblies (154ms)
			RebuildTransferFunctionScriptingTraits (0ms)
			SetupTypeCache (366ms)
			ReleaseScriptCaches (1ms)
			RebuildScriptCaches (46ms)
			SetupLoadedEditorAssemblies (366ms)
				LogAssemblyErrors (0ms)
				InitializePlatformSupportModulesInManaged (8ms)
				SetLoadedEditorAssemblies (1ms)
				RefreshPlugins (0ms)
				BeforeProcessingInitializeOnLoad (73ms)
				ProcessInitializeOnLoadAttributes (251ms)
				ProcessInitializeOnLoadMethodAttributes (10ms)
				AfterProcessingInitializeOnLoad (22ms)
				EditorAssembliesLoaded (0ms)
			ExecutionOrderSort2 (0ms)
			AwakeInstancesAfterBackupRestoration (8ms)
Platform modules already initialized, skipping
Refreshing native plugins compatible for Editor in 0.31 ms, found 2 plugins.
Preloading 0 native plugins for Editor in 0.00 ms.
Unloading 1500 Unused Serialized files (Serialized files now loaded: 0)
System memory in use before: 73.0 MB.
System memory in use after: 73.2 MB.

Unloading 14 unused Assets to reduce memory usage. Loaded Objects now: 1948.
Total: 3.551600 ms (FindLiveObjects: 0.145100 ms CreateObjectMapping: 0.050000 ms MarkObjects: 3.330400 ms  DeleteObjects: 0.024800 ms)

AssetImportParameters requested are different than current active one (requested -> active):
  custom:framework-win-MediaFoundation: 216162199b28c13a410421893ffa2e32 -> 
  custom:video-decoder-ogg-theora: a1e56fd34408186e4bbccfd4996cb3dc -> 
  custom:container-muxer-webm: aa71ff27fc2769a1b78a27578f13a17b -> 
  custom:container-demuxer-webm: 4f35f7cbe854078d1ac9338744f61a02 -> 
  custom:container-demuxer-ogg: 62fdf1f143b41e24485cea50d1cbac27 -> 
  custom:video-encoder-webm-vp8: eb34c28f22e8b96e1ab97ce403110664 -> 
  custom:video-decoder-webm-vp8: 9c59270c3fd7afecdb556c50c9e8de78 -> 
  custom:audio-decoder-ogg-vorbis: bf7c407c2cedff20999df2af8eb42d56 -> 
  custom:audio-encoder-webm-vorbis: bf7c407c2cedff20999df2af8eb42d56 -> 
========================================================================
Received Prepare
Registering precompiled user dll's ...
Registered in 0.003472 seconds.
Begin MonoManager ReloadAssembly
Native extension for WindowsStandalone target not found
Native extension for WebGL target not found
Refreshing native plugins compatible for Editor in 0.31 ms, found 2 plugins.
Preloading 0 native plugins for Editor in 0.00 ms.
Mono: successfully reloaded assembly
- Completed reload, in  1.028 seconds
Domain Reload Profiling:
	ReloadAssembly (1029ms)
		BeginReloadAssembly (136ms)
			ExecutionOrderSort (0ms)
			DisableScriptedObjects (4ms)
			BackupInstance (0ms)
			ReleaseScriptingObjects (0ms)
			CreateAndSetChildDomain (31ms)
		EndReloadAssembly (811ms)
			LoadAssemblies (110ms)
			RebuildTransferFunctionScriptingTraits (0ms)
			SetupTypeCache (284ms)
			ReleaseScriptCaches (1ms)
			RebuildScriptCaches (37ms)
			SetupLoadedEditorAssemblies (295ms)
				LogAssemblyErrors (0ms)
				InitializePlatformSupportModulesInManaged (6ms)
				SetLoadedEditorAssemblies (0ms)
				RefreshPlugins (0ms)
				BeforeProcessingInitializeOnLoad (61ms)
				ProcessInitializeOnLoadAttributes (196ms)
				ProcessInitializeOnLoadMethodAttributes (9ms)
				AfterProcessingInitializeOnLoad (22ms)
				EditorAssembliesLoaded (0ms)
			ExecutionOrderSort2 (0ms)
			AwakeInstancesAfterBackupRestoration (7ms)
Platform modules already initialized, skipping
Refreshing native plugins compatible for Editor in 0.33 ms, found 2 plugins.
Preloading 0 native plugins for Editor in 0.00 ms.
Unloading 1500 Unused Serialized files (Serialized files now loaded: 0)
System memory in use before: 73.1 MB.
System memory in use after: 73.2 MB.

Unloading 14 unused Assets to reduce memory usage. Loaded Objects now: 1950.
Total: 2.577100 ms (FindLiveObjects: 0.123400 ms CreateObjectMapping: 0.040300 ms MarkObjects: 2.398200 ms  DeleteObjects: 0.014200 ms)

AssetImportParameters requested are different than current active one (requested -> active):
  custom:framework-win-MediaFoundation: 216162199b28c13a410421893ffa2e32 -> 
  custom:video-decoder-ogg-theora: a1e56fd34408186e4bbccfd4996cb3dc -> 
  custom:container-muxer-webm: aa71ff27fc2769a1b78a27578f13a17b -> 
  custom:container-demuxer-webm: 4f35f7cbe854078d1ac9338744f61a02 -> 
  custom:container-demuxer-ogg: 62fdf1f143b41e24485cea50d1cbac27 -> 
  custom:video-encoder-webm-vp8: eb34c28f22e8b96e1ab97ce403110664 -> 
  custom:video-decoder-webm-vp8: 9c59270c3fd7afecdb556c50c9e8de78 -> 
  custom:audio-decoder-ogg-vorbis: bf7c407c2cedff20999df2af8eb42d56 -> 
  custom:audio-encoder-webm-vorbis: bf7c407c2cedff20999df2af8eb42d56 -> 
========================================================================
Received Import Request.
  Time since last request: 1586.130957 seconds.
  path: Assets/Prefab/Projectile.prefab
  artifactKey: Guid(43193aff67b08774db97973fbb79103d) Importer(815301076,1909f56bfc062723c751e8b465ee728b)
Start importing Assets/Prefab/Projectile.prefab using Guid(43193aff67b08774db97973fbb79103d) Importer(815301076,1909f56bfc062723c751e8b465ee728b)  -> (artifact id: 'ef6586b41d65a5ab228451823a75832f') in 0.079412 seconds 
  Import took 0.087213 seconds .

========================================================================
Received Prepare
Registering precompiled user dll's ...
Registered in 0.004659 seconds.
Begin MonoManager ReloadAssembly
Native extension for WindowsStandalone target not found
Native extension for WebGL target not found
Refreshing native plugins compatible for Editor in 0.31 ms, found 2 plugins.
Preloading 0 native plugins for Editor in 0.00 ms.
Mono: successfully reloaded assembly
- Completed reload, in  1.028 seconds
Domain Reload Profiling:
	ReloadAssembly (1028ms)
		BeginReloadAssembly (139ms)
			ExecutionOrderSort (0ms)
			DisableScriptedObjects (4ms)
			BackupInstance (0ms)
			ReleaseScriptingObjects (0ms)
			CreateAndSetChildDomain (30ms)
		EndReloadAssembly (810ms)
			LoadAssemblies (118ms)
			RebuildTransferFunctionScriptingTraits (0ms)
			SetupTypeCache (289ms)
			ReleaseScriptCaches (1ms)
			RebuildScriptCaches (37ms)
			SetupLoadedEditorAssemblies (293ms)
				LogAssemblyErrors (0ms)
				InitializePlatformSupportModulesInManaged (6ms)
				SetLoadedEditorAssemblies (0ms)
				RefreshPlugins (0ms)
				BeforeProcessingInitializeOnLoad (60ms)
				ProcessInitializeOnLoadAttributes (198ms)
				ProcessInitializeOnLoadMethodAttributes (9ms)
				AfterProcessingInitializeOnLoad (19ms)
				EditorAssembliesLoaded (0ms)
			ExecutionOrderSort2 (0ms)
			AwakeInstancesAfterBackupRestoration (7ms)
Platform modules already initialized, skipping
Refreshing native plugins compatible for Editor in 0.33 ms, found 2 plugins.
Preloading 0 native plugins for Editor in 0.00 ms.
Unloading 1500 Unused Serialized files (Serialized files now loaded: 0)
System memory in use before: 73.1 MB.
System memory in use after: 73.2 MB.

Unloading 14 unused Assets to reduce memory usage. Loaded Objects now: 1953.
Total: 2.757900 ms (FindLiveObjects: 0.132100 ms CreateObjectMapping: 0.053400 ms MarkObjects: 2.556800 ms  DeleteObjects: 0.014200 ms)

AssetImportParameters requested are different than current active one (requested -> active):
  custom:framework-win-MediaFoundation: 216162199b28c13a410421893ffa2e32 -> 
  custom:video-decoder-ogg-theora: a1e56fd34408186e4bbccfd4996cb3dc -> 
  custom:container-muxer-webm: aa71ff27fc2769a1b78a27578f13a17b -> 
  custom:container-demuxer-webm: 4f35f7cbe854078d1ac9338744f61a02 -> 
  custom:container-demuxer-ogg: 62fdf1f143b41e24485cea50d1cbac27 -> 
  custom:video-encoder-webm-vp8: eb34c28f22e8b96e1ab97ce403110664 -> 
  custom:video-decoder-webm-vp8: 9c59270c3fd7afecdb556c50c9e8de78 -> 
  custom:audio-decoder-ogg-vorbis: bf7c407c2cedff20999df2af8eb42d56 -> 
  custom:audio-encoder-webm-vorbis: bf7c407c2cedff20999df2af8eb42d56 -> 
========================================================================
Received Prepare
Registering precompiled user dll's ...
Registered in 0.004011 seconds.
Begin MonoManager ReloadAssembly
Native extension for WindowsStandalone target not found
Native extension for WebGL target not found
Refreshing native plugins compatible for Editor in 0.34 ms, found 2 plugins.
Preloading 0 native plugins for Editor in 0.00 ms.
Mono: successfully reloaded assembly
- Completed reload, in  1.029 seconds
Domain Reload Profiling:
	ReloadAssembly (1030ms)
		BeginReloadAssembly (128ms)
			ExecutionOrderSort (0ms)
			DisableScriptedObjects (4ms)
			BackupInstance (0ms)
			ReleaseScriptingObjects (0ms)
			CreateAndSetChildDomain (29ms)
		EndReloadAssembly (819ms)
			LoadAssemblies (112ms)
			RebuildTransferFunctionScriptingTraits (0ms)
			SetupTypeCache (287ms)
			ReleaseScriptCaches (1ms)
			RebuildScriptCaches (36ms)
			SetupLoadedEditorAssemblies (306ms)
				LogAssemblyErrors (0ms)
				InitializePlatformSupportModulesInManaged (6ms)
				SetLoadedEditorAssemblies (1ms)
				RefreshPlugins (0ms)
				BeforeProcessingInitializeOnLoad (64ms)
				ProcessInitializeOnLoadAttributes (204ms)
				ProcessInitializeOnLoadMethodAttributes (10ms)
				AfterProcessingInitializeOnLoad (21ms)
				EditorAssembliesLoaded (0ms)
			ExecutionOrderSort2 (0ms)
			AwakeInstancesAfterBackupRestoration (7ms)
Platform modules already initialized, skipping
Refreshing native plugins compatible for Editor in 0.36 ms, found 2 plugins.
Preloading 0 native plugins for Editor in 0.00 ms.
Unloading 1500 Unused Serialized files (Serialized files now loaded: 0)
System memory in use before: 73.1 MB.
System memory in use after: 73.2 MB.

Unloading 14 unused Assets to reduce memory usage. Loaded Objects now: 1955.
Total: 2.688800 ms (FindLiveObjects: 0.110300 ms CreateObjectMapping: 0.038100 ms MarkObjects: 2.522300 ms  DeleteObjects: 0.017000 ms)

AssetImportParameters requested are different than current active one (requested -> active):
  custom:framework-win-MediaFoundation: 216162199b28c13a410421893ffa2e32 -> 
  custom:video-decoder-ogg-theora: a1e56fd34408186e4bbccfd4996cb3dc -> 
  custom:container-muxer-webm: aa71ff27fc2769a1b78a27578f13a17b -> 
  custom:container-demuxer-webm: 4f35f7cbe854078d1ac9338744f61a02 -> 
  custom:container-demuxer-ogg: 62fdf1f143b41e24485cea50d1cbac27 -> 
  custom:video-encoder-webm-vp8: eb34c28f22e8b96e1ab97ce403110664 -> 
  custom:video-decoder-webm-vp8: 9c59270c3fd7afecdb556c50c9e8de78 -> 
  custom:audio-decoder-ogg-vorbis: bf7c407c2cedff20999df2af8eb42d56 -> 
  custom:audio-encoder-webm-vorbis: bf7c407c2cedff20999df2af8eb42d56 -> 
========================================================================
Received Import Request.
  Time since last request: 189.717544 seconds.
  path: Assets/Material/P Mat_Projectile.physicMaterial
  artifactKey: Guid(7a6d73c1013db4743ae8e9e9898b8bfd) Importer(815301076,1909f56bfc062723c751e8b465ee728b)
Start importing Assets/Material/P Mat_Projectile.physicMaterial using Guid(7a6d73c1013db4743ae8e9e9898b8bfd) Importer(815301076,1909f56bfc062723c751e8b465ee728b)  -> (artifact id: '8ad9676e0432bdd3651db656ea3989e4') in 0.015356 seconds 
  Import took 0.017754 seconds .

========================================================================
Received Import Request.
  Time since last request: 114.983333 seconds.
  path: Assets/Prefab/Projectile.prefab
  artifactKey: Guid(43193aff67b08774db97973fbb79103d) Importer(815301076,1909f56bfc062723c751e8b465ee728b)
Start importing Assets/Prefab/Projectile.prefab using Guid(43193aff67b08774db97973fbb79103d) Importer(815301076,1909f56bfc062723c751e8b465ee728b)  -> (artifact id: '83bdd2fabd465487d08dc77809d98b6f') in 0.043463 seconds 
  Import took 0.045778 seconds .

========================================================================
Received Import Request.
  Time since last request: 2.193214 seconds.
  path: Assets/Prefab/Projectile.prefab
  artifactKey: Guid(43193aff67b08774db97973fbb79103d) Importer(815301076,1909f56bfc062723c751e8b465ee728b)
Start importing Assets/Prefab/Projectile.prefab using Guid(43193aff67b08774db97973fbb79103d) Importer(815301076,1909f56bfc062723c751e8b465ee728b)  -> (artifact id: 'cdd18635c04d12039006b05d2786f2c9') in 0.011823 seconds 
  Import took 0.014637 seconds .

========================================================================
Received Import Request.
  Time since last request: 0.546660 seconds.
  path: Assets/Prefab/Projectile.prefab
  artifactKey: Guid(43193aff67b08774db97973fbb79103d) Importer(815301076,1909f56bfc062723c751e8b465ee728b)
Start importing Assets/Prefab/Projectile.prefab using Guid(43193aff67b08774db97973fbb79103d) Importer(815301076,1909f56bfc062723c751e8b465ee728b)  -> (artifact id: 'e7a6fbbfdea9720db441715d5e7b4fb8') in 0.011616 seconds 
  Import took 0.014023 seconds .

========================================================================
Received Import Request.
  Time since last request: 7.258216 seconds.
  path: Assets/Prefab/Projectile.prefab
  artifactKey: Guid(43193aff67b08774db97973fbb79103d) Importer(815301076,1909f56bfc062723c751e8b465ee728b)
Start importing Assets/Prefab/Projectile.prefab using Guid(43193aff67b08774db97973fbb79103d) Importer(815301076,1909f56bfc062723c751e8b465ee728b)  -> (artifact id: '8f2f5f407992de2ddc1b4cc1e49b2e1c') in 0.008215 seconds 
  Import took 0.013557 seconds .

========================================================================
Received Import Request.
  Time since last request: 0.774340 seconds.
  path: Assets/Prefab/Projectile.prefab
  artifactKey: Guid(43193aff67b08774db97973fbb79103d) Importer(815301076,1909f56bfc062723c751e8b465ee728b)
Start importing Assets/Prefab/Projectile.prefab using Guid(43193aff67b08774db97973fbb79103d) Importer(815301076,1909f56bfc062723c751e8b465ee728b)  -> (artifact id: '42cca04997677b6f9b10d3b2b09f4b8f') in 0.008232 seconds 
  Import took 0.010652 seconds .

========================================================================
Received Import Request.
  Time since last request: 0.390744 seconds.
  path: Assets/Prefab/Projectile.prefab
  artifactKey: Guid(43193aff67b08774db97973fbb79103d) Importer(815301076,1909f56bfc062723c751e8b465ee728b)
Start importing Assets/Prefab/Projectile.prefab using Guid(43193aff67b08774db97973fbb79103d) Importer(815301076,1909f56bfc062723c751e8b465ee728b)  -> (artifact id: 'f35c442ccee41eea76bf15ce919435d2') in 0.008509 seconds 
  Import took 0.011113 seconds .

========================================================================
Received Import Request.
  Time since last request: 21.369487 seconds.
  path: Assets/Prefab/Projectile.prefab
  artifactKey: Guid(43193aff67b08774db97973fbb79103d) Importer(815301076,1909f56bfc062723c751e8b465ee728b)
Start importing Assets/Prefab/Projectile.prefab using Guid(43193aff67b08774db97973fbb79103d) Importer(815301076,1909f56bfc062723c751e8b465ee728b)  -> (artifact id: '375bc3843cd95a47385c6215a52bbe39') in 0.009072 seconds 
  Import took 0.270825 seconds .

========================================================================
Received Prepare
Registering precompiled user dll's ...
Registered in 0.003759 seconds.
Begin MonoManager ReloadAssembly
Native extension for WindowsStandalone target not found
Native extension for WebGL target not found
Refreshing native plugins compatible for Editor in 0.31 ms, found 2 plugins.
Preloading 0 native plugins for Editor in 0.00 ms.
Mono: successfully reloaded assembly
- Completed reload, in  0.963 seconds
Domain Reload Profiling:
	ReloadAssembly (964ms)
		BeginReloadAssembly (135ms)
			ExecutionOrderSort (0ms)
			DisableScriptedObjects (4ms)
			BackupInstance (0ms)
			ReleaseScriptingObjects (0ms)
			CreateAndSetChildDomain (28ms)
		EndReloadAssembly (754ms)
			LoadAssemblies (104ms)
			RebuildTransferFunctionScriptingTraits (0ms)
			SetupTypeCache (257ms)
			ReleaseScriptCaches (1ms)
			RebuildScriptCaches (35ms)
			SetupLoadedEditorAssemblies (285ms)
				LogAssemblyErrors (0ms)
				InitializePlatformSupportModulesInManaged (6ms)
				SetLoadedEditorAssemblies (0ms)
				RefreshPlugins (0ms)
				BeforeProcessingInitializeOnLoad (59ms)
				ProcessInitializeOnLoadAttributes (193ms)
				ProcessInitializeOnLoadMethodAttributes (8ms)
				AfterProcessingInitializeOnLoad (18ms)
				EditorAssembliesLoaded (0ms)
			ExecutionOrderSort2 (0ms)
			AwakeInstancesAfterBackupRestoration (6ms)
Platform modules already initialized, skipping
Refreshing native plugins compatible for Editor in 0.30 ms, found 2 plugins.
Preloading 0 native plugins for Editor in 0.00 ms.
Unloading 1500 Unused Serialized files (Serialized files now loaded: 0)
System memory in use before: 73.1 MB.
System memory in use after: 73.2 MB.

Unloading 14 unused Assets to reduce memory usage. Loaded Objects now: 1958.
Total: 2.541800 ms (FindLiveObjects: 0.128100 ms CreateObjectMapping: 0.038400 ms MarkObjects: 2.361300 ms  DeleteObjects: 0.013400 ms)

AssetImportParameters requested are different than current active one (requested -> active):
  custom:framework-win-MediaFoundation: 216162199b28c13a410421893ffa2e32 -> 
  custom:video-decoder-ogg-theora: a1e56fd34408186e4bbccfd4996cb3dc -> 
  custom:container-muxer-webm: aa71ff27fc2769a1b78a27578f13a17b -> 
  custom:container-demuxer-webm: 4f35f7cbe854078d1ac9338744f61a02 -> 
  custom:container-demuxer-ogg: 62fdf1f143b41e24485cea50d1cbac27 -> 
  custom:video-encoder-webm-vp8: eb34c28f22e8b96e1ab97ce403110664 -> 
  custom:video-decoder-webm-vp8: 9c59270c3fd7afecdb556c50c9e8de78 -> 
  custom:audio-decoder-ogg-vorbis: bf7c407c2cedff20999df2af8eb42d56 -> 
  custom:audio-encoder-webm-vorbis: bf7c407c2cedff20999df2af8eb42d56 -> 
========================================================================
Received Import Request.
  Time since last request: 110.677098 seconds.
  path: Assets/Scripts/FollowCam.cs
  artifactKey: Guid(b857e00598c88fd46aa755b0755555c9) Importer(815301076,1909f56bfc062723c751e8b465ee728b)
Start importing Assets/Scripts/FollowCam.cs using Guid(b857e00598c88fd46aa755b0755555c9) Importer(815301076,1909f56bfc062723c751e8b465ee728b)  -> (artifact id: '913ed6edc3712025e80f824d27cab3de') in 0.004164 seconds 
  Import took 0.006452 seconds .

========================================================================
Received Import Request.
  Time since last request: 155.615787 seconds.
  path: Assets/Prefab/CloudSphere.prefab
  artifactKey: Guid(982000bc1ac28ea4ea04ea0f64405d54) Importer(815301076,1909f56bfc062723c751e8b465ee728b)
Start importing Assets/Prefab/CloudSphere.prefab using Guid(982000bc1ac28ea4ea04ea0f64405d54) Importer(815301076,1909f56bfc062723c751e8b465ee728b)  -> (artifact id: 'a02ff1da70a684711657b122bd0c3e40') in 0.052611 seconds 
  Import took 0.065386 seconds .

========================================================================
Received Import Request.
  Time since last request: 10.731917 seconds.
  path: Assets/Prefab/CloudSphere.prefab
  artifactKey: Guid(982000bc1ac28ea4ea04ea0f64405d54) Importer(815301076,1909f56bfc062723c751e8b465ee728b)
Start importing Assets/Prefab/CloudSphere.prefab using Guid(982000bc1ac28ea4ea04ea0f64405d54) Importer(815301076,1909f56bfc062723c751e8b465ee728b)  -> (artifact id: 'bd62d38c56cd076347057fcbe726ef1a') in 0.009518 seconds 
  Import took 0.012280 seconds .

========================================================================
Received Import Request.
  Time since last request: 405.112757 seconds.
  path: Assets/Prefab/Cloud.prefab
  artifactKey: Guid(911531f3014de2e489a7e074ce99731f) Importer(815301076,1909f56bfc062723c751e8b465ee728b)
Start importing Assets/Prefab/Cloud.prefab using Guid(911531f3014de2e489a7e074ce99731f) Importer(815301076,1909f56bfc062723c751e8b465ee728b)  -> (artifact id: '78b6b8531787f35567529bb77659dfc7') in 0.014823 seconds 
  Import took 0.262790 seconds .

========================================================================
Received Import Request.
  Time since last request: 38.848261 seconds.
  path: Assets/Prefab/Cloud_0.prefab
  artifactKey: Guid(911531f3014de2e489a7e074ce99731f) Importer(815301076,1909f56bfc062723c751e8b465ee728b)
Start importing Assets/Prefab/Cloud_0.prefab using Guid(911531f3014de2e489a7e074ce99731f) Importer(815301076,1909f56bfc062723c751e8b465ee728b)  -> (artifact id: '68dc230a56ff6c2cdf9685cf8bc578ca') in 0.014430 seconds 
  Import took 0.016793 seconds .

========================================================================
Received Import Request.
  Time since last request: 1.604839 seconds.
  path: Assets/Prefab/Cloud_0 1.prefab
  artifactKey: Guid(3f7a3a1e3f9edd040bc9dc64566d9a5a) Importer(815301076,1909f56bfc062723c751e8b465ee728b)
Start importing Assets/Prefab/Cloud_0 1.prefab using Guid(3f7a3a1e3f9edd040bc9dc64566d9a5a) Importer(815301076,1909f56bfc062723c751e8b465ee728b)  -> (artifact id: 'a6305ce2008e79c78d3dfd51d2255fdd') in 0.022555 seconds 
  Import took 0.024816 seconds .

========================================================================
Received Import Request.
  Time since last request: 9.472352 seconds.
  path: Assets/Prefab/Cloud_1.prefab
  artifactKey: Guid(3f7a3a1e3f9edd040bc9dc64566d9a5a) Importer(815301076,1909f56bfc062723c751e8b465ee728b)
Start importing Assets/Prefab/Cloud_1.prefab using Guid(3f7a3a1e3f9edd040bc9dc64566d9a5a) Importer(815301076,1909f56bfc062723c751e8b465ee728b)  -> (artifact id: '7f6056c9a7a48558de9650a3078a66c0') in 0.012884 seconds 
  Import took 0.015619 seconds .

========================================================================
Received Import Request.
  Time since last request: 304.859172 seconds.
  path: Assets/Prefab/Cloud_1.prefab
  artifactKey: Guid(3f7a3a1e3f9edd040bc9dc64566d9a5a) Importer(815301076,1909f56bfc062723c751e8b465ee728b)
Start importing Assets/Prefab/Cloud_1.prefab using Guid(3f7a3a1e3f9edd040bc9dc64566d9a5a) Importer(815301076,1909f56bfc062723c751e8b465ee728b)  -> (artifact id: 'ae92495e25c152471efd4d2c92a86296') in 0.010944 seconds 
  Import took 0.013948 seconds .

========================================================================
Received Import Request.
  Time since last request: 29.858080 seconds.
  path: Assets/Prefab/Cloud_1.prefab
  artifactKey: Guid(3f7a3a1e3f9edd040bc9dc64566d9a5a) Importer(815301076,1909f56bfc062723c751e8b465ee728b)
Start importing Assets/Prefab/Cloud_1.prefab using Guid(3f7a3a1e3f9edd040bc9dc64566d9a5a) Importer(815301076,1909f56bfc062723c751e8b465ee728b)  -> (artifact id: '33f17f8ab090830b8cd9704ab1bd9caa') in 0.015212 seconds 
  Import took 0.017676 seconds .

========================================================================
Received Import Request.
  Time since last request: 88.050402 seconds.
  path: Assets/Prefab/Cloud_1 1.prefab
  artifactKey: Guid(462cc7bfbf9377e4fbcdecd4891e27f6) Importer(815301076,1909f56bfc062723c751e8b465ee728b)
Start importing Assets/Prefab/Cloud_1 1.prefab using Guid(462cc7bfbf9377e4fbcdecd4891e27f6) Importer(815301076,1909f56bfc062723c751e8b465ee728b)  -> (artifact id: 'b7372ae23cf3d96384a9fd523fd1ab66') in 0.015245 seconds 
  Import took 0.253532 seconds .

========================================================================
Received Import Request.
  Time since last request: 0.578938 seconds.
  path: Assets/Prefab/Cloud_1 2.prefab
  artifactKey: Guid(90c9191a375fdb0449f6ec5b1a6310b3) Importer(815301076,1909f56bfc062723c751e8b465ee728b)
Start importing Assets/Prefab/Cloud_1 2.prefab using Guid(90c9191a375fdb0449f6ec5b1a6310b3) Importer(815301076,1909f56bfc062723c751e8b465ee728b)  -> (artifact id: 'd32708d02f7b4821713666adeb670bbc') in 0.009983 seconds 
  Import took 0.012326 seconds .

========================================================================
Received Import Request.
  Time since last request: 0.571599 seconds.
  path: Assets/Prefab/Cloud_1 3.prefab
  artifactKey: Guid(610b5f7fdc07c6e4cb30e918fd81ea32) Importer(815301076,1909f56bfc062723c751e8b465ee728b)
Start importing Assets/Prefab/Cloud_1 3.prefab using Guid(610b5f7fdc07c6e4cb30e918fd81ea32) Importer(815301076,1909f56bfc062723c751e8b465ee728b)  -> (artifact id: 'febd6a4aa59c11d884db324405baeb33') in 0.009816 seconds 
  Import took 0.012271 seconds .

========================================================================
Received Import Request.
  Time since last request: 5.613849 seconds.
  path: Assets/Prefab/Cloud_2.prefab
  artifactKey: Guid(462cc7bfbf9377e4fbcdecd4891e27f6) Importer(815301076,1909f56bfc062723c751e8b465ee728b)
Start importing Assets/Prefab/Cloud_2.prefab using Guid(462cc7bfbf9377e4fbcdecd4891e27f6) Importer(815301076,1909f56bfc062723c751e8b465ee728b)  -> (artifact id: '4f34816210f0c255ede1ba87193b3d48') in 0.009705 seconds 
  Import took 0.049722 seconds .

========================================================================
Received Import Request.
  Time since last request: 5.891704 seconds.
  path: Assets/Prefab/Cloud_3.prefab
  artifactKey: Guid(90c9191a375fdb0449f6ec5b1a6310b3) Importer(815301076,1909f56bfc062723c751e8b465ee728b)
Start importing Assets/Prefab/Cloud_3.prefab using Guid(90c9191a375fdb0449f6ec5b1a6310b3) Importer(815301076,1909f56bfc062723c751e8b465ee728b)  -> (artifact id: '658424798c307e6ff3231c37c0ec876b') in 0.009538 seconds 
  Import took 0.011814 seconds .

========================================================================
Received Import Request.
  Time since last request: 0.761734 seconds.
  path: Assets/Prefab/Cloud_0.prefab
  artifactKey: Guid(911531f3014de2e489a7e074ce99731f) Importer(815301076,1909f56bfc062723c751e8b465ee728b)
Start importing Assets/Prefab/Cloud_0.prefab using Guid(911531f3014de2e489a7e074ce99731f) Importer(815301076,1909f56bfc062723c751e8b465ee728b)  -> (artifact id: '332f9c285d249ae80d635ec2b8e329ca') in 0.012622 seconds 
  Import took 0.015202 seconds .

========================================================================
Received Import Request.
  Time since last request: 4.581847 seconds.
  path: Assets/Prefab/Cloud_4.prefab
  artifactKey: Guid(610b5f7fdc07c6e4cb30e918fd81ea32) Importer(815301076,1909f56bfc062723c751e8b465ee728b)
Start importing Assets/Prefab/Cloud_4.prefab using Guid(610b5f7fdc07c6e4cb30e918fd81ea32) Importer(815301076,1909f56bfc062723c751e8b465ee728b)  -> (artifact id: '098c009cf3ad5032aa368146923d999a') in 0.009158 seconds 
  Import took 0.025015 seconds .

========================================================================
Received Import Request.
  Time since last request: 66.726716 seconds.
  path: Assets/Prefab/Cloud_2.prefab
  artifactKey: Guid(462cc7bfbf9377e4fbcdecd4891e27f6) Importer(815301076,1909f56bfc062723c751e8b465ee728b)
Start importing Assets/Prefab/Cloud_2.prefab using Guid(462cc7bfbf9377e4fbcdecd4891e27f6) Importer(815301076,1909f56bfc062723c751e8b465ee728b)  -> (artifact id: '6d3077fd4cb063b251996c01bcdd0863') in 0.010811 seconds 
  Import took 0.013269 seconds .

========================================================================
Received Import Request.
  Time since last request: 118.925081 seconds.
  path: Assets/Prefab/Cloud_3.prefab
  artifactKey: Guid(90c9191a375fdb0449f6ec5b1a6310b3) Importer(815301076,1909f56bfc062723c751e8b465ee728b)
Start importing Assets/Prefab/Cloud_3.prefab using Guid(90c9191a375fdb0449f6ec5b1a6310b3) Importer(815301076,1909f56bfc062723c751e8b465ee728b)  -> (artifact id: 'df2245965804f1a47680533825574bd4') in 0.014166 seconds 
  Import took 0.016995 seconds .

========================================================================
Received Import Request.
  Time since last request: 81.247702 seconds.
  path: Assets/Scripts/Cloud.cs
  artifactKey: Guid(c7af57cac9af5d549aa0bef84785e6d0) Importer(815301076,1909f56bfc062723c751e8b465ee728b)
Start importing Assets/Scripts/Cloud.cs using Guid(c7af57cac9af5d549aa0bef84785e6d0) Importer(815301076,1909f56bfc062723c751e8b465ee728b)  -> (artifact id: '3a8a207d6a9337e25131762f186c614b') in 0.001956 seconds 
  Import took 0.004436 seconds .

========================================================================
Received Import Request.
  Time since last request: 367.939022 seconds.
  path: Assets/Scripts/CloudCrafter.cs
  artifactKey: Guid(127301a2f8ff22345b8791b650253e93) Importer(815301076,1909f56bfc062723c751e8b465ee728b)
Start importing Assets/Scripts/CloudCrafter.cs using Guid(127301a2f8ff22345b8791b650253e93) Importer(815301076,1909f56bfc062723c751e8b465ee728b)  -> (artifact id: '9e1dce0b18eedef9353f228cc4f8abb0') in 0.002515 seconds 
  Import took 0.005272 seconds .

========================================================================
Received Prepare
Registering precompiled user dll's ...
Registered in 0.004083 seconds.
Begin MonoManager ReloadAssembly
Native extension for WindowsStandalone target not found
Native extension for WebGL target not found
Refreshing native plugins compatible for Editor in 0.33 ms, found 2 plugins.
Preloading 0 native plugins for Editor in 0.00 ms.
Mono: successfully reloaded assembly
- Completed reload, in  1.214 seconds
Domain Reload Profiling:
	ReloadAssembly (1215ms)
		BeginReloadAssembly (178ms)
			ExecutionOrderSort (0ms)
			DisableScriptedObjects (4ms)
			BackupInstance (0ms)
			ReleaseScriptingObjects (0ms)
			CreateAndSetChildDomain (46ms)
		EndReloadAssembly (943ms)
			LoadAssemblies (143ms)
			RebuildTransferFunctionScriptingTraits (0ms)
			SetupTypeCache (370ms)
			ReleaseScriptCaches (1ms)
			RebuildScriptCaches (49ms)
			SetupLoadedEditorAssemblies (311ms)
				LogAssemblyErrors (0ms)
				InitializePlatformSupportModulesInManaged (8ms)
				SetLoadedEditorAssemblies (0ms)
				RefreshPlugins (0ms)
				BeforeProcessingInitializeOnLoad (64ms)
				ProcessInitializeOnLoadAttributes (208ms)
				ProcessInitializeOnLoadMethodAttributes (11ms)
				AfterProcessingInitializeOnLoad (18ms)
				EditorAssembliesLoaded (0ms)
			ExecutionOrderSort2 (0ms)
			AwakeInstancesAfterBackupRestoration (8ms)
Platform modules already initialized, skipping
Refreshing native plugins compatible for Editor in 0.32 ms, found 2 plugins.
Preloading 0 native plugins for Editor in 0.00 ms.
Unloading 1501 Unused Serialized files (Serialized files now loaded: 0)
System memory in use before: 73.6 MB.
System memory in use after: 73.8 MB.

Unloading 14 unused Assets to reduce memory usage. Loaded Objects now: 1964.
Total: 2.363700 ms (FindLiveObjects: 0.142700 ms CreateObjectMapping: 0.043200 ms MarkObjects: 2.158100 ms  DeleteObjects: 0.018500 ms)

AssetImportParameters requested are different than current active one (requested -> active):
  custom:framework-win-MediaFoundation: 216162199b28c13a410421893ffa2e32 -> 
  custom:video-decoder-ogg-theora: a1e56fd34408186e4bbccfd4996cb3dc -> 
  custom:container-muxer-webm: aa71ff27fc2769a1b78a27578f13a17b -> 
  custom:container-demuxer-webm: 4f35f7cbe854078d1ac9338744f61a02 -> 
  custom:container-demuxer-ogg: 62fdf1f143b41e24485cea50d1cbac27 -> 
  custom:video-encoder-webm-vp8: eb34c28f22e8b96e1ab97ce403110664 -> 
  custom:video-decoder-webm-vp8: 9c59270c3fd7afecdb556c50c9e8de78 -> 
  custom:audio-decoder-ogg-vorbis: bf7c407c2cedff20999df2af8eb42d56 -> 
  custom:audio-encoder-webm-vorbis: bf7c407c2cedff20999df2af8eb42d56 -> 
========================================================================
Received Import Request.
  Time since last request: 101.468974 seconds.
  path: Assets/Scripts/CloudCrafter.cs
  artifactKey: Guid(127301a2f8ff22345b8791b650253e93) Importer(815301076,1909f56bfc062723c751e8b465ee728b)
Start importing Assets/Scripts/CloudCrafter.cs using Guid(127301a2f8ff22345b8791b650253e93) Importer(815301076,1909f56bfc062723c751e8b465ee728b)  -> (artifact id: 'aeeb724947b770a5086912994e085372') in 0.004456 seconds 
  Import took 0.006785 seconds .

========================================================================
Received Import Request.
  Time since last request: 10.716343 seconds.
  path: Assets/Scripts/CloudCrafter.cs
  artifactKey: Guid(127301a2f8ff22345b8791b650253e93) Importer(815301076,1909f56bfc062723c751e8b465ee728b)
Start importing Assets/Scripts/CloudCrafter.cs using Guid(127301a2f8ff22345b8791b650253e93) Importer(815301076,1909f56bfc062723c751e8b465ee728b)  -> (artifact id: 'a545773e006de915f4ed4a0a00d17400') in 0.002162 seconds 
  Import took 0.004830 seconds .

========================================================================
Received Import Request.
  Time since last request: 65.319421 seconds.
  path: Assets/Scripts/CloudCrafter.cs
  artifactKey: Guid(127301a2f8ff22345b8791b650253e93) Importer(815301076,1909f56bfc062723c751e8b465ee728b)
Start importing Assets/Scripts/CloudCrafter.cs using Guid(127301a2f8ff22345b8791b650253e93) Importer(815301076,1909f56bfc062723c751e8b465ee728b)  -> (artifact id: '3eb8294dd92afe6440bae1939fe5db98') in 0.003462 seconds 
  Import took 0.006342 seconds .

========================================================================
Received Prepare
Registering precompiled user dll's ...
Registered in 0.004786 seconds.
Begin MonoManager ReloadAssembly
Native extension for WindowsStandalone target not found
Native extension for WebGL target not found
Refreshing native plugins compatible for Editor in 0.30 ms, found 2 plugins.
Preloading 0 native plugins for Editor in 0.00 ms.
Mono: successfully reloaded assembly
- Completed reload, in  1.000 seconds
Domain Reload Profiling:
	ReloadAssembly (1001ms)
		BeginReloadAssembly (143ms)
			ExecutionOrderSort (0ms)
			DisableScriptedObjects (6ms)
			BackupInstance (0ms)
			ReleaseScriptingObjects (0ms)
			CreateAndSetChildDomain (27ms)
		EndReloadAssembly (775ms)
			LoadAssemblies (108ms)
			RebuildTransferFunctionScriptingTraits (0ms)
			SetupTypeCache (271ms)
			ReleaseScriptCaches (1ms)
			RebuildScriptCaches (38ms)
			SetupLoadedEditorAssemblies (289ms)
				LogAssemblyErrors (0ms)
				InitializePlatformSupportModulesInManaged (6ms)
				SetLoadedEditorAssemblies (0ms)
				RefreshPlugins (0ms)
				BeforeProcessingInitializeOnLoad (58ms)
				ProcessInitializeOnLoadAttributes (198ms)
				ProcessInitializeOnLoadMethodAttributes (8ms)
				AfterProcessingInitializeOnLoad (18ms)
				EditorAssembliesLoaded (0ms)
			ExecutionOrderSort2 (0ms)
			AwakeInstancesAfterBackupRestoration (6ms)
Platform modules already initialized, skipping
Refreshing native plugins compatible for Editor in 0.31 ms, found 2 plugins.
Preloading 0 native plugins for Editor in 0.00 ms.
Unloading 1501 Unused Serialized files (Serialized files now loaded: 0)
System memory in use before: 73.7 MB.
System memory in use after: 73.8 MB.

Unloading 14 unused Assets to reduce memory usage. Loaded Objects now: 1966.
Total: 3.224600 ms (FindLiveObjects: 0.121700 ms CreateObjectMapping: 0.038100 ms MarkObjects: 3.042600 ms  DeleteObjects: 0.020900 ms)

AssetImportParameters requested are different than current active one (requested -> active):
  custom:framework-win-MediaFoundation: 216162199b28c13a410421893ffa2e32 -> 
  custom:video-decoder-ogg-theora: a1e56fd34408186e4bbccfd4996cb3dc -> 
  custom:container-muxer-webm: aa71ff27fc2769a1b78a27578f13a17b -> 
  custom:container-demuxer-webm: 4f35f7cbe854078d1ac9338744f61a02 -> 
  custom:container-demuxer-ogg: 62fdf1f143b41e24485cea50d1cbac27 -> 
  custom:video-encoder-webm-vp8: eb34c28f22e8b96e1ab97ce403110664 -> 
  custom:video-decoder-webm-vp8: 9c59270c3fd7afecdb556c50c9e8de78 -> 
  custom:audio-decoder-ogg-vorbis: bf7c407c2cedff20999df2af8eb42d56 -> 
  custom:audio-encoder-webm-vorbis: bf7c407c2cedff20999df2af8eb42d56 -> 
========================================================================
Received Import Request.
  Time since last request: 26.005803 seconds.
  path: Assets/Scripts/CloudCrafter.cs
  artifactKey: Guid(127301a2f8ff22345b8791b650253e93) Importer(815301076,1909f56bfc062723c751e8b465ee728b)
Start importing Assets/Scripts/CloudCrafter.cs using Guid(127301a2f8ff22345b8791b650253e93) Importer(815301076,1909f56bfc062723c751e8b465ee728b)  -> (artifact id: '27fcedf33cc1eb5fb73c380b06fb1f06') in 0.005281 seconds 
  Import took 0.008389 seconds .

========================================================================
Received Prepare
Registering precompiled user dll's ...
Registered in 0.003479 seconds.
Begin MonoManager ReloadAssembly
Native extension for WindowsStandalone target not found
Native extension for WebGL target not found
Refreshing native plugins compatible for Editor in 0.31 ms, found 2 plugins.
Preloading 0 native plugins for Editor in 0.00 ms.
Mono: successfully reloaded assembly
- Completed reload, in  0.957 seconds
Domain Reload Profiling:
	ReloadAssembly (958ms)
		BeginReloadAssembly (121ms)
			ExecutionOrderSort (0ms)
			DisableScriptedObjects (4ms)
			BackupInstance (0ms)
			ReleaseScriptingObjects (0ms)
			CreateAndSetChildDomain (27ms)
		EndReloadAssembly (764ms)
			LoadAssemblies (104ms)
			RebuildTransferFunctionScriptingTraits (0ms)
			SetupTypeCache (259ms)
			ReleaseScriptCaches (1ms)
			RebuildScriptCaches (37ms)
			SetupLoadedEditorAssemblies (289ms)
				LogAssemblyErrors (0ms)
				InitializePlatformSupportModulesInManaged (6ms)
				SetLoadedEditorAssemblies (0ms)
				RefreshPlugins (0ms)
				BeforeProcessingInitializeOnLoad (60ms)
				ProcessInitializeOnLoadAttributes (195ms)
				ProcessInitializeOnLoadMethodAttributes (9ms)
				AfterProcessingInitializeOnLoad (18ms)
				EditorAssembliesLoaded (0ms)
			ExecutionOrderSort2 (0ms)
			AwakeInstancesAfterBackupRestoration (6ms)
Platform modules already initialized, skipping
Refreshing native plugins compatible for Editor in 0.34 ms, found 2 plugins.
Preloading 0 native plugins for Editor in 0.00 ms.
Unloading 1501 Unused Serialized files (Serialized files now loaded: 0)
System memory in use before: 73.7 MB.
System memory in use after: 73.8 MB.

Unloading 14 unused Assets to reduce memory usage. Loaded Objects now: 1968.
Total: 2.527500 ms (FindLiveObjects: 0.127100 ms CreateObjectMapping: 0.039000 ms MarkObjects: 2.346200 ms  DeleteObjects: 0.014200 ms)

AssetImportParameters requested are different than current active one (requested -> active):
  custom:framework-win-MediaFoundation: 216162199b28c13a410421893ffa2e32 -> 
  custom:video-decoder-ogg-theora: a1e56fd34408186e4bbccfd4996cb3dc -> 
  custom:container-muxer-webm: aa71ff27fc2769a1b78a27578f13a17b -> 
  custom:container-demuxer-webm: 4f35f7cbe854078d1ac9338744f61a02 -> 
  custom:container-demuxer-ogg: 62fdf1f143b41e24485cea50d1cbac27 -> 
  custom:video-encoder-webm-vp8: eb34c28f22e8b96e1ab97ce403110664 -> 
  custom:video-decoder-webm-vp8: 9c59270c3fd7afecdb556c50c9e8de78 -> 
  custom:audio-decoder-ogg-vorbis: bf7c407c2cedff20999df2af8eb42d56 -> 
  custom:audio-encoder-webm-vorbis: bf7c407c2cedff20999df2af8eb42d56 -> 
========================================================================
Received Prepare
Registering precompiled user dll's ...
Registered in 0.003567 seconds.
Begin MonoManager ReloadAssembly
Native extension for WindowsStandalone target not found
Native extension for WebGL target not found
Refreshing native plugins compatible for Editor in 0.35 ms, found 2 plugins.
Preloading 0 native plugins for Editor in 0.00 ms.
Mono: successfully reloaded assembly
- Completed reload, in  1.016 seconds
Domain Reload Profiling:
	ReloadAssembly (1016ms)
		BeginReloadAssembly (130ms)
			ExecutionOrderSort (0ms)
			DisableScriptedObjects (4ms)
			BackupInstance (0ms)
			ReleaseScriptingObjects (0ms)
			CreateAndSetChildDomain (27ms)
		EndReloadAssembly (811ms)
			LoadAssemblies (104ms)
			RebuildTransferFunctionScriptingTraits (0ms)
			SetupTypeCache (264ms)
			ReleaseScriptCaches (1ms)
			RebuildScriptCaches (38ms)
			SetupLoadedEditorAssemblies (332ms)
				LogAssemblyErrors (0ms)
				InitializePlatformSupportModulesInManaged (6ms)
				SetLoadedEditorAssemblies (0ms)
				RefreshPlugins (0ms)
				BeforeProcessingInitializeOnLoad (107ms)
				ProcessInitializeOnLoadAttributes (191ms)
				ProcessInitializeOnLoadMethodAttributes (9ms)
				AfterProcessingInitializeOnLoad (19ms)
				EditorAssembliesLoaded (0ms)
			ExecutionOrderSort2 (0ms)
			AwakeInstancesAfterBackupRestoration (6ms)
Platform modules already initialized, skipping
Refreshing native plugins compatible for Editor in 0.31 ms, found 2 plugins.
Preloading 0 native plugins for Editor in 0.00 ms.
Unloading 1501 Unused Serialized files (Serialized files now loaded: 0)
System memory in use before: 73.7 MB.
System memory in use after: 73.8 MB.

Unloading 14 unused Assets to reduce memory usage. Loaded Objects now: 1970.
Total: 2.339200 ms (FindLiveObjects: 0.131500 ms CreateObjectMapping: 0.051300 ms MarkObjects: 2.141200 ms  DeleteObjects: 0.014500 ms)

AssetImportParameters requested are different than current active one (requested -> active):
  custom:framework-win-MediaFoundation: 216162199b28c13a410421893ffa2e32 -> 
  custom:video-decoder-ogg-theora: a1e56fd34408186e4bbccfd4996cb3dc -> 
  custom:container-muxer-webm: aa71ff27fc2769a1b78a27578f13a17b -> 
  custom:container-demuxer-webm: 4f35f7cbe854078d1ac9338744f61a02 -> 
  custom:container-demuxer-ogg: 62fdf1f143b41e24485cea50d1cbac27 -> 
  custom:video-encoder-webm-vp8: eb34c28f22e8b96e1ab97ce403110664 -> 
  custom:video-decoder-webm-vp8: 9c59270c3fd7afecdb556c50c9e8de78 -> 
  custom:audio-decoder-ogg-vorbis: bf7c407c2cedff20999df2af8eb42d56 -> 
  custom:audio-encoder-webm-vorbis: bf7c407c2cedff20999df2af8eb42d56 -> 
========================================================================
Received Prepare
Registering precompiled user dll's ...
Registered in 0.004432 seconds.
Begin MonoManager ReloadAssembly
Native extension for WindowsStandalone target not found
Native extension for WebGL target not found
Refreshing native plugins compatible for Editor in 0.32 ms, found 2 plugins.
Preloading 0 native plugins for Editor in 0.00 ms.
Mono: successfully reloaded assembly
- Completed reload, in  1.018 seconds
Domain Reload Profiling:
	ReloadAssembly (1018ms)
		BeginReloadAssembly (148ms)
			ExecutionOrderSort (0ms)
			DisableScriptedObjects (4ms)
			BackupInstance (0ms)
			ReleaseScriptingObjects (0ms)
			CreateAndSetChildDomain (29ms)
		EndReloadAssembly (790ms)
			LoadAssemblies (115ms)
			RebuildTransferFunctionScriptingTraits (0ms)
			SetupTypeCache (275ms)
			ReleaseScriptCaches (1ms)
			RebuildScriptCaches (36ms)
			SetupLoadedEditorAssemblies (282ms)
				LogAssemblyErrors (0ms)
				InitializePlatformSupportModulesInManaged (6ms)
				SetLoadedEditorAssemblies (0ms)
				RefreshPlugins (0ms)
				BeforeProcessingInitializeOnLoad (58ms)
				ProcessInitializeOnLoadAttributes (191ms)
				ProcessInitializeOnLoadMethodAttributes (8ms)
				AfterProcessingInitializeOnLoad (18ms)
				EditorAssembliesLoaded (0ms)
			ExecutionOrderSort2 (0ms)
			AwakeInstancesAfterBackupRestoration (6ms)
Platform modules already initialized, skipping
Refreshing native plugins compatible for Editor in 0.33 ms, found 2 plugins.
Preloading 0 native plugins for Editor in 0.00 ms.
Unloading 1501 Unused Serialized files (Serialized files now loaded: 0)
System memory in use before: 73.7 MB.
System memory in use after: 73.8 MB.

Unloading 14 unused Assets to reduce memory usage. Loaded Objects now: 1972.
Total: 2.454000 ms (FindLiveObjects: 0.117300 ms CreateObjectMapping: 0.043100 ms MarkObjects: 2.279000 ms  DeleteObjects: 0.013800 ms)

AssetImportParameters requested are different than current active one (requested -> active):
  custom:framework-win-MediaFoundation: 216162199b28c13a410421893ffa2e32 -> 
  custom:video-decoder-ogg-theora: a1e56fd34408186e4bbccfd4996cb3dc -> 
  custom:container-muxer-webm: aa71ff27fc2769a1b78a27578f13a17b -> 
  custom:container-demuxer-webm: 4f35f7cbe854078d1ac9338744f61a02 -> 
  custom:container-demuxer-ogg: 62fdf1f143b41e24485cea50d1cbac27 -> 
  custom:video-encoder-webm-vp8: eb34c28f22e8b96e1ab97ce403110664 -> 
  custom:video-decoder-webm-vp8: 9c59270c3fd7afecdb556c50c9e8de78 -> 
  custom:audio-decoder-ogg-vorbis: bf7c407c2cedff20999df2af8eb42d56 -> 
  custom:audio-encoder-webm-vorbis: bf7c407c2cedff20999df2af8eb42d56 -> 
========================================================================
Received Import Request.
  Time since last request: 537.244541 seconds.
  path: Assets/Scripts/Cloud.cs
  artifactKey: Guid(c7af57cac9af5d549aa0bef84785e6d0) Importer(815301076,1909f56bfc062723c751e8b465ee728b)
Start importing Assets/Scripts/Cloud.cs using Guid(c7af57cac9af5d549aa0bef84785e6d0) Importer(815301076,1909f56bfc062723c751e8b465ee728b)  -> (artifact id: 'f4095cd4bf8c5563634baa4f3eee465e') in 0.004775 seconds 
  Import took 0.007265 seconds .

AssetImportWorkerClient::OnTransportError - code=2 error=End of file
